# JRE version: OpenJDK Runtime Environment Temurin-21.0.12.1+1 (21.0.12.1+1) (build 21.0.12.1+1-LTS)
# Java VM: OpenJDK 64-Bit Server VM Temurin-21.0.12.1+1 (21.0.12.1+1-LTS, mixed mode, sharing, tiered, compressed oops, compressed class ptrs, parallel gc, windows-amd64)
GC Precious Log:
 CardTable entry size: 512
 CPUs: 16 total, 16 available
 Memory: 7530M
 Large Page Support: Disabled
 NUMA Support: Disabled
 Compressed Oops: Enabled (32-bit)
 Alignments: Space 512K, Generation 512K, Heap 2M
 Heap Min Capacity: 100M
 Heap Initial Capacity: 100M
 Heap Max Capacity: 2G
 Pre-touch: Disabled
 Parallel Workers: 13
Heap:
 PSYoungGen      total 8192K, used 6870K [0x00000000d5580000, 0x00000000d5f00000, 0x0000000100000000)
  eden space 7168K, 84% used [0x00000000d5580000,0x00000000d5b64100,0x00000000d5c80000)
  from space 1024K, 81% used [0x00000000d5e00000,0x00000000d5ed1a10,0x00000000d5f00000)
  to   space 1024K, 0% used [0x00000000d5d00000,0x00000000d5d00000,0x00000000d5e00000)
 ParOldGen       total 834560K, used 470046K [0x0000000080000000, 0x00000000b2f00000, 0x00000000d5580000)
  object space 834560K, 56% used [0x0000000080000000,0x000000009cb07960,0x00000000b2f00000)
 Metaspace       used 81336K, committed 83008K, reserved 1179648K
  class space    used 8384K, committed 9024K, reserved 1048576K
GC Heap History (20 events):
Event: 234.092 GC heap before
{Heap before GC invocations=1279 (full 4):
 PSYoungGen      total 10240K, used 10032K [0x00000000d5580000, 0x00000000d6180000, 0x0000000100000000)
  eden space 8704K, 100% used [0x00000000d5580000,0x00000000d5e00000,0x00000000d5e00000)
  from space 1536K, 86% used [0x00000000d6000000,0x00000000d614c030,0x00000000d6180000)
  to   space 1536K, 0% used [0x00000000d5e00000,0x00000000d5e00000,0x00000000d5f80000)
 ParOldGen       total 834560K, used 462820K [0x0000000080000000, 0x00000000b2f00000, 0x00000000d5580000)
  object space 834560K, 55% used [0x0000000080000000,0x000000009c3f91a8,0x00000000b2f00000)
 Metaspace       used 79858K, committed 81472K, reserved 1179648K
  class space    used 8248K, committed 8896K, reserved 1048576K
}
Event: 234.101 GC heap after
{Heap after GC invocations=1279 (full 4):
 PSYoungGen      total 10240K, used 1392K [0x00000000d5580000, 0x00000000d6100000, 0x0000000100000000)
  eden space 8704K, 0% used [0x00000000d5580000,0x00000000d5580000,0x00000000d5e00000)
  from space 1536K, 90% used [0x00000000d5e00000,0x00000000d5f5c010,0x00000000d5f80000)
  to   space 1536K, 0% used [0x00000000d5f80000,0x00000000d5f80000,0x00000000d6100000)
 ParOldGen       total 834560K, used 463879K [0x0000000080000000, 0x00000000b2f00000, 0x00000000d5580000)
  object space 834560K, 55% used [0x0000000080000000,0x000000009c501cd8,0x00000000b2f00000)
 Metaspace       used 79858K, committed 81472K, reserved 1179648K
  class space    used 8248K, committed 8896K, reserved 1048576K
}
Event: 234.282 GC heap before
{Heap before GC invocations=1280 (full 4):
 PSYoungGen      total 10240K, used 10096K [0x00000000d5580000, 0x00000000d6100000, 0x0000000100000000)
  eden space 8704K, 100% used [0x00000000d5580000,0x00000000d5e00000,0x00000000d5e00000)
  from space 1536K, 90% used [0x00000000d5e00000,0x00000000d5f5c010,0x00000000d5f80000)
  to   space 1536K, 0% used [0x00000000d5f80000,0x00000000d5f80000,0x00000000d6100000)
 ParOldGen       total 834560K, used 463879K [0x0000000080000000, 0x00000000b2f00000, 0x00000000d5580000)
  object space 834560K, 55% used [0x0000000080000000,0x000000009c501cd8,0x00000000b2f00000)
 Metaspace       used 80515K, committed 82240K, reserved 1179648K
  class space    used 8300K, committed 8960K, reserved 1048576K
}
Event: 234.289 GC heap after
{Heap after GC invocations=1280 (full 4):
 PSYoungGen      total 9728K, used 752K [0x00000000d5580000, 0x00000000d6080000, 0x0000000100000000)
  eden space 8704K, 0% used [0x00000000d5580000,0x00000000d5580000,0x00000000d5e00000)
  from space 1024K, 73% used [0x00000000d5f80000,0x00000000d603c110,0x00000000d6080000)
  to   space 1024K, 0% used [0x00000000d5e80000,0x00000000d5e80000,0x00000000d5f80000)
 ParOldGen       total 834560K, used 465087K [0x0000000080000000, 0x00000000b2f00000, 0x00000000d5580000)
  object space 834560K, 55% used [0x0000000080000000,0x000000009c62fd18,0x00000000b2f00000)
 Metaspace       used 80515K, committed 82240K, reserved 1179648K
  class space    used 8300K, committed 8960K, reserved 1048576K
}
Event: 234.379 GC heap before
{Heap before GC invocations=1281 (full 4):
 PSYoungGen      total 9728K, used 9456K [0x00000000d5580000, 0x00000000d6080000, 0x0000000100000000)
  eden space 8704K, 100% used [0x00000000d5580000,0x00000000d5e00000,0x00000000d5e00000)
  from space 1024K, 73% used [0x00000000d5f80000,0x00000000d603c110,0x00000000d6080000)
  to   space 1024K, 0% used [0x00000000d5e80000,0x00000000d5e80000,0x00000000d5f80000)
 ParOldGen       total 834560K, used 465087K [0x0000000080000000, 0x00000000b2f00000, 0x00000000d5580000)
  object space 834560K, 55% used [0x0000000080000000,0x000000009c62fd18,0x00000000b2f00000)
 Metaspace       used 80648K, committed 82304K, reserved 1179648K
  class space    used 8308K, committed 8960K, reserved 1048576K
}
Event: 234.383 GC heap after
{Heap after GC invocations=1281 (full 4):
 PSYoungGen      total 9728K, used 1016K [0x00000000d5580000, 0x00000000d6200000, 0x0000000100000000)
  eden space 8704K, 0% used [0x00000000d5580000,0x00000000d5580000,0x00000000d5e00000)
  from space 1024K, 99% used [0x00000000d5e80000,0x00000000d5f7e310,0x00000000d5f80000)
  to   space 2048K, 0% used [0x00000000d6000000,0x00000000d6000000,0x00000000d6200000)
 ParOldGen       total 834560K, used 465801K [0x0000000080000000, 0x00000000b2f00000, 0x00000000d5580000)
  object space 834560K, 55% used [0x0000000080000000,0x000000009c6e24d8,0x00000000b2f00000)
 Metaspace       used 80648K, committed 82304K, reserved 1179648K
  class space    used 8308K, committed 8960K, reserved 1048576K
}
Event: 692.134 GC heap before
{Heap before GC invocations=1282 (full 4):
 PSYoungGen      total 9728K, used 9720K [0x00000000d5580000, 0x00000000d6200000, 0x0000000100000000)
  eden space 8704K, 100% used [0x00000000d5580000,0x00000000d5e00000,0x00000000d5e00000)
  from space 1024K, 99% used [0x00000000d5e80000,0x00000000d5f7e310,0x00000000d5f80000)
  to   space 2048K, 0% used [0x00000000d6000000,0x00000000d6000000,0x00000000d6200000)
 ParOldGen       total 834560K, used 465801K [0x0000000080000000, 0x00000000b2f00000, 0x00000000d5580000)
  object space 834560K, 55% used [0x0000000080000000,0x000000009c6e24d8,0x00000000b2f00000)
 Metaspace       used 80836K, committed 82496K, reserved 1179648K
  class space    used 8317K, committed 8960K, reserved 1048576K
}
Event: 692.483 GC heap after
{Heap after GC invocations=1282 (full 4):
 PSYoungGen      total 9216K, used 448K [0x00000000d5580000, 0x00000000d6080000, 0x0000000100000000)
  eden space 8704K, 0% used [0x00000000d5580000,0x00000000d5580000,0x00000000d5e00000)
  from space 512K, 87% used [0x00000000d6000000,0x00000000d6070000,0x00000000d6080000)
  to   space 1024K, 0% used [0x00000000d5e80000,0x00000000d5e80000,0x00000000d5f80000)
 ParOldGen       total 834560K, used 466626K [0x0000000080000000, 0x00000000b2f00000, 0x00000000d5580000)
  object space 834560K, 55% used [0x0000000080000000,0x000000009c7b0808,0x00000000b2f00000)
 Metaspace       used 80836K, committed 82496K, reserved 1179648K
  class space    used 8317K, committed 8960K, reserved 1048576K
}
Event: 694.774 GC heap before
{Heap before GC invocations=1283 (full 4):
 PSYoungGen      total 9216K, used 9152K [0x00000000d5580000, 0x00000000d6080000, 0x0000000100000000)
  eden space 8704K, 100% used [0x00000000d5580000,0x00000000d5e00000,0x00000000d5e00000)
  from space 512K, 87% used [0x00000000d6000000,0x00000000d6070000,0x00000000d6080000)
  to   space 1024K, 0% used [0x00000000d5e80000,0x00000000d5e80000,0x00000000d5f80000)
 ParOldGen       total 834560K, used 466626K [0x0000000080000000, 0x00000000b2f00000, 0x00000000d5580000)
  object space 834560K, 55% used [0x0000000080000000,0x000000009c7b0808,0x00000000b2f00000)
 Metaspace       used 81183K, committed 82880K, reserved 1179648K
  class space    used 8378K, committed 9024K, reserved 1048576K
}
Event: 694.785 GC heap after
{Heap after GC invocations=1283 (full 4):
 PSYoungGen      total 9728K, used 905K [0x00000000d5580000, 0x00000000d6080000, 0x0000000100000000)
  eden space 8704K, 0% used [0x00000000d5580000,0x00000000d5580000,0x00000000d5e00000)
  from space 1024K, 88% used [0x00000000d5e80000,0x00000000d5f62480,0x00000000d5f80000)
  to   space 1024K, 0% used [0x00000000d5f80000,0x00000000d5f80000,0x00000000d6080000)
 ParOldGen       total 834560K, used 466906K [0x0000000080000000, 0x00000000b2f00000, 0x00000000d5580000)
  object space 834560K, 55% used [0x0000000080000000,0x000000009c7f6808,0x00000000b2f00000)
 Metaspace       used 81183K, committed 82880K, reserved 1179648K
  class space    used 8378K, committed 9024K, reserved 1048576K
}
Event: 694.897 GC heap before
{Heap before GC invocations=1284 (full 4):
 PSYoungGen      total 9728K, used 9609K [0x00000000d5580000, 0x00000000d6080000, 0x0000000100000000)
  eden space 8704K, 100% used [0x00000000d5580000,0x00000000d5e00000,0x00000000d5e00000)
  from space 1024K, 88% used [0x00000000d5e80000,0x00000000d5f62480,0x00000000d5f80000)
  to   space 1024K, 0% used [0x00000000d5f80000,0x00000000d5f80000,0x00000000d6080000)
 ParOldGen       total 834560K, used 466906K [0x0000000080000000, 0x00000000b2f00000, 0x00000000d5580000)
  object space 834560K, 55% used [0x0000000080000000,0x000000009c7f6808,0x00000000b2f00000)
 Metaspace       used 81226K, committed 82880K, reserved 1179648K
  class space    used 8381K, committed 9024K, reserved 1048576K
}
Event: 694.908 GC heap after
{Heap after GC invocations=1284 (full 4):
 PSYoungGen      total 8704K, used 1018K [0x00000000d5580000, 0x00000000d6300000, 0x0000000100000000)
  eden space 7680K, 0% used [0x00000000d5580000,0x00000000d5580000,0x00000000d5d00000)
  from space 1024K, 99% used [0x00000000d5f80000,0x00000000d607e900,0x00000000d6080000)
  to   space 2560K, 0% used [0x00000000d5d00000,0x00000000d5d00000,0x00000000d5f80000)
 ParOldGen       total 834560K, used 467763K [0x0000000080000000, 0x00000000b2f00000, 0x00000000d5580000)
  object space 834560K, 56% used [0x0000000080000000,0x000000009c8cce20,0x00000000b2f00000)
 Metaspace       used 81226K, committed 82880K, reserved 1179648K
  class space    used 8381K, committed 9024K, reserved 1048576K
}
Event: 695.083 GC heap before
{Heap before GC invocations=1285 (full 4):
 PSYoungGen      total 8704K, used 8698K [0x00000000d5580000, 0x00000000d6300000, 0x0000000100000000)
  eden space 7680K, 100% used [0x00000000d5580000,0x00000000d5d00000,0x00000000d5d00000)
  from space 1024K, 99% used [0x00000000d5f80000,0x00000000d607e900,0x00000000d6080000)
  to   space 2560K, 0% used [0x00000000d5d00000,0x00000000d5d00000,0x00000000d5f80000)
 ParOldGen       total 834560K, used 467763K [0x0000000080000000, 0x00000000b2f00000, 0x00000000d5580000)
  object space 834560K, 56% used [0x0000000080000000,0x000000009c8cce20,0x00000000b2f00000)
 Metaspace       used 81253K, committed 82944K, reserved 1179648K
  class space    used 8384K, committed 9024K, reserved 1048576K
}
Event: 695.092 GC heap after
{Heap after GC invocations=1285 (full 4):
 PSYoungGen      total 9216K, used 1236K [0x00000000d5580000, 0x00000000d6000000, 0x0000000100000000)
  eden space 7680K, 0% used [0x00000000d5580000,0x00000000d5580000,0x00000000d5d00000)
  from space 1536K, 80% used [0x00000000d5d00000,0x00000000d5e35200,0x00000000d5e80000)
  to   space 1536K, 0% used [0x00000000d5e80000,0x00000000d5e80000,0x00000000d6000000)
 ParOldGen       total 834560K, used 468723K [0x0000000080000000, 0x00000000b2f00000, 0x00000000d5580000)
  object space 834560K, 56% used [0x0000000080000000,0x000000009c9bcf58,0x00000000b2f00000)
 Metaspace       used 81253K, committed 82944K, reserved 1179648K
  class space    used 8384K, committed 9024K, reserved 1048576K
}
Event: 695.233 GC heap before
{Heap before GC invocations=1286 (full 4):
 PSYoungGen      total 9216K, used 8916K [0x00000000d5580000, 0x00000000d6000000, 0x0000000100000000)
  eden space 7680K, 100% used [0x00000000d5580000,0x00000000d5d00000,0x00000000d5d00000)
  from space 1536K, 80% used [0x00000000d5d00000,0x00000000d5e35200,0x00000000d5e80000)
  to   space 1536K, 0% used [0x00000000d5e80000,0x00000000d5e80000,0x00000000d6000000)
 ParOldGen       total 834560K, used 468723K [0x0000000080000000, 0x00000000b2f00000, 0x00000000d5580000)
  object space 834560K, 56% used [0x0000000080000000,0x000000009c9bcf58,0x00000000b2f00000)
 Metaspace       used 81270K, committed 82944K, reserved 1179648K
  class space    used 8384K, committed 9024K, reserved 1048576K
}
Event: 695.242 GC heap after
{Heap after GC invocations=1286 (full 4):
 PSYoungGen      total 8704K, used 1486K [0x00000000d5580000, 0x00000000d6100000, 0x0000000100000000)
  eden space 7168K, 0% used [0x00000000d5580000,0x00000000d5580000,0x00000000d5c80000)
  from space 1536K, 96% used [0x00000000d5e80000,0x00000000d5ff3be0,0x00000000d6000000)
  to   space 2048K, 0% used [0x00000000d5c80000,0x00000000d5c80000,0x00000000d5e80000)
 ParOldGen       total 834560K, used 469639K [0x0000000080000000, 0x00000000b2f00000, 0x00000000d5580000)
  object space 834560K, 56% used [0x0000000080000000,0x000000009caa1db8,0x00000000b2f00000)
 Metaspace       used 81270K, committed 82944K, reserved 1179648K
  class space    used 8384K, committed 9024K, reserved 1048576K
}
Event: 695.367 GC heap before
{Heap before GC invocations=1287 (full 4):
 PSYoungGen      total 8704K, used 8654K [0x00000000d5580000, 0x00000000d6100000, 0x0000000100000000)
  eden space 7168K, 100% used [0x00000000d5580000,0x00000000d5c80000,0x00000000d5c80000)
  from space 1536K, 96% used [0x00000000d5e80000,0x00000000d5ff3be0,0x00000000d6000000)
  to   space 2048K, 0% used [0x00000000d5c80000,0x00000000d5c80000,0x00000000d5e80000)
 ParOldGen       total 834560K, used 469639K [0x0000000080000000, 0x00000000b2f00000, 0x00000000d5580000)
  object space 834560K, 56% used [0x0000000080000000,0x000000009caa1db8,0x00000000b2f00000)
 Metaspace       used 81301K, committed 82944K, reserved 1179648K
  class space    used 8384K, committed 9024K, reserved 1048576K
}
Event: 695.370 GC heap after
{Heap after GC invocations=1287 (full 4):
 PSYoungGen      total 7680K, used 436K [0x00000000d5580000, 0x00000000d5f00000, 0x0000000100000000)
  eden space 7168K, 0% used [0x00000000d5580000,0x00000000d5580000,0x00000000d5c80000)
  from space 512K, 85% used [0x00000000d5c80000,0x00000000d5ced200,0x00000000d5d00000)
  to   space 1024K, 0% used [0x00000000d5e00000,0x00000000d5e00000,0x00000000d5f00000)
 ParOldGen       total 834560K, used 469854K [0x0000000080000000, 0x00000000b2f00000, 0x00000000d5580000)
  object space 834560K, 56% used [0x0000000080000000,0x000000009cad7960,0x00000000b2f00000)
 Metaspace       used 81301K, committed 82944K, reserved 1179648K
  class space    used 8384K, committed 9024K, reserved 1048576K
}
Event: 740.784 GC heap before
{Heap before GC invocations=1288 (full 4):
 PSYoungGen      total 7680K, used 7604K [0x00000000d5580000, 0x00000000d5f00000, 0x0000000100000000)
  eden space 7168K, 99% used [0x00000000d5580000,0x00000000d5c7ffa8,0x00000000d5c80000)
  from space 512K, 85% used [0x00000000d5c80000,0x00000000d5ced200,0x00000000d5d00000)
  to   space 1024K, 0% used [0x00000000d5e00000,0x00000000d5e00000,0x00000000d5f00000)
 ParOldGen       total 834560K, used 469854K [0x0000000080000000, 0x00000000b2f00000, 0x00000000d5580000)
  object space 834560K, 56% used [0x0000000080000000,0x000000009cad7960,0x00000000b2f00000)
 Metaspace       used 81309K, committed 82944K, reserved 1179648K
  class space    used 8384K, committed 9024K, reserved 1048576K
}
Event: 740.788 GC heap after
{Heap after GC invocations=1288 (full 4):
 PSYoungGen      total 8192K, used 838K [0x00000000d5580000, 0x00000000d5f00000, 0x0000000100000000)
  eden space 7168K, 0% used [0x00000000d5580000,0x00000000d5580000,0x00000000d5c80000)
  from space 1024K, 81% used [0x00000000d5e00000,0x00000000d5ed1a10,0x00000000d5f00000)
  to   space 1024K, 0% used [0x00000000d5d00000,0x00000000d5d00000,0x00000000d5e00000)
 ParOldGen       total 834560K, used 470046K [0x0000000080000000, 0x00000000b2f00000, 0x00000000d5580000)
  object space 834560K, 56% used [0x0000000080000000,0x000000009cb07960,0x00000000b2f00000)
 Metaspace       used 81309K, committed 82944K, reserved 1179648K
  class space    used 8384K, committed 9024K, reserved 1048576K
}

