# JRE version: OpenJDK Runtime Environment Temurin-21.0.10+7 (21.0.10+7) (build 21.0.10+7-LTS)
# Java VM: OpenJDK 64-Bit Server VM Temurin-21.0.10+7 (21.0.10+7-LTS, mixed mode, sharing, tiered, compressed oops, compressed class ptrs, parallel gc, windows-amd64)
GC Precious Log:
 CardTable entry size: 512
 CPUs: 16 total, 16 available
 Memory: 7530M
 Large Page Support: Disabled
 NUMA Support: Disabled
 Compressed Oops: Enabled (32-bit)
 Alignments: Space 512K, Generation 512K, Heap 2M
 Heap Min Capacity: 100M
 Heap Initial Capacity: 100M
 Heap Max Capacity: 2G
 Pre-touch: Disabled
 Parallel Workers: 13
Heap:
 PSYoungGen      total 13824K, used 10550K [0x00000000d5580000, 0x00000000d6400000, 0x0000000100000000)
  eden space 13312K, 76% used [0x00000000d5580000,0x00000000d5f7d9d8,0x00000000d6280000)
  from space 512K, 62% used [0x00000000d6380000,0x00000000d63d0000,0x00000000d6400000)
  to   space 512K, 0% used [0x00000000d6280000,0x00000000d6280000,0x00000000d6300000)
 ParOldGen       total 180224K, used 179886K [0x0000000080000000, 0x000000008b000000, 0x00000000d5580000)
  object space 180224K, 99% used [0x0000000080000000,0x000000008afaba20,0x000000008b000000)
 Metaspace       used 75184K, committed 76736K, reserved 1179648K
  class space    used 7862K, committed 8512K, reserved 1048576K
GC Heap History (20 events):
Event: 186.083 GC heap before
{Heap before GC invocations=68 (full 3):
 PSYoungGen      total 14848K, used 14436K [0x00000000d5580000, 0x00000000d6680000, 0x0000000100000000)
  eden space 13312K, 100% used [0x00000000d5580000,0x00000000d6280000,0x00000000d6280000)
  from space 1536K, 73% used [0x00000000d6500000,0x00000000d6619058,0x00000000d6680000)
  to   space 1536K, 0% used [0x00000000d6380000,0x00000000d6380000,0x00000000d6500000)
 ParOldGen       total 154624K, used 150659K [0x0000000080000000, 0x0000000089700000, 0x00000000d5580000)
  object space 154624K, 97% used [0x0000000080000000,0x0000000089320fb0,0x0000000089700000)
 Metaspace       used 68798K, committed 70336K, reserved 1114112K
  class space    used 7314K, committed 7936K, reserved 1048576K
}
Event: 186.085 GC heap after
{Heap after GC invocations=68 (full 3):
 PSYoungGen      total 13824K, used 288K [0x00000000d5580000, 0x00000000d6580000, 0x0000000100000000)
  eden space 13312K, 0% used [0x00000000d5580000,0x00000000d5580000,0x00000000d6280000)
  from space 512K, 56% used [0x00000000d6380000,0x00000000d63c8000,0x00000000d6400000)
  to   space 1024K, 0% used [0x00000000d6480000,0x00000000d6480000,0x00000000d6580000)
 ParOldGen       total 154624K, used 151591K [0x0000000080000000, 0x0000000089700000, 0x00000000d5580000)
  object space 154624K, 98% used [0x0000000080000000,0x0000000089409fa8,0x0000000089700000)
 Metaspace       used 68798K, committed 70336K, reserved 1114112K
  class space    used 7314K, committed 7936K, reserved 1048576K
}
Event: 207.819 GC heap before
{Heap before GC invocations=69 (full 3):
 PSYoungGen      total 13824K, used 13589K [0x00000000d5580000, 0x00000000d6580000, 0x0000000100000000)
  eden space 13312K, 99% used [0x00000000d5580000,0x00000000d627d600,0x00000000d6280000)
  from space 512K, 56% used [0x00000000d6380000,0x00000000d63c8000,0x00000000d6400000)
  to   space 1024K, 0% used [0x00000000d6480000,0x00000000d6480000,0x00000000d6580000)
 ParOldGen       total 178176K, used 174631K [0x0000000080000000, 0x000000008ae00000, 0x00000000d5580000)
  object space 178176K, 98% used [0x0000000080000000,0x000000008aa89fc8,0x000000008ae00000)
 Metaspace       used 68978K, committed 70592K, reserved 1114112K
  class space    used 7327K, committed 8000K, reserved 1048576K
}
Event: 207.821 GC heap after
{Heap after GC invocations=69 (full 3):
 PSYoungGen      total 13824K, used 384K [0x00000000d5580000, 0x00000000d6500000, 0x0000000100000000)
  eden space 13312K, 0% used [0x00000000d5580000,0x00000000d5580000,0x00000000d6280000)
  from space 512K, 75% used [0x00000000d6480000,0x00000000d64e0318,0x00000000d6500000)
  to   space 512K, 0% used [0x00000000d6380000,0x00000000d6380000,0x00000000d6400000)
 ParOldGen       total 178176K, used 174711K [0x0000000080000000, 0x000000008ae00000, 0x00000000d5580000)
  object space 178176K, 98% used [0x0000000080000000,0x000000008aa9dfc8,0x000000008ae00000)
 Metaspace       used 68978K, committed 70592K, reserved 1114112K
  class space    used 7327K, committed 8000K, reserved 1048576K
}
Event: 326.180 GC heap before
{Heap before GC invocations=70 (full 3):
 PSYoungGen      total 13824K, used 13696K [0x00000000d5580000, 0x00000000d6500000, 0x0000000100000000)
  eden space 13312K, 100% used [0x00000000d5580000,0x00000000d6280000,0x00000000d6280000)
  from space 512K, 75% used [0x00000000d6480000,0x00000000d64e0318,0x00000000d6500000)
  to   space 512K, 0% used [0x00000000d6380000,0x00000000d6380000,0x00000000d6400000)
 ParOldGen       total 178176K, used 174711K [0x0000000080000000, 0x000000008ae00000, 0x00000000d5580000)
  object space 178176K, 98% used [0x0000000080000000,0x000000008aa9dfc8,0x000000008ae00000)
 Metaspace       used 69689K, committed 71232K, reserved 1114112K
  class space    used 7398K, committed 8064K, reserved 1048576K
}
Event: 326.215 GC heap after
{Heap after GC invocations=70 (full 3):
 PSYoungGen      total 13824K, used 352K [0x00000000d5580000, 0x00000000d6500000, 0x0000000100000000)
  eden space 13312K, 0% used [0x00000000d5580000,0x00000000d5580000,0x00000000d6280000)
  from space 512K, 68% used [0x00000000d6380000,0x00000000d63d8000,0x00000000d6400000)
  to   space 512K, 0% used [0x00000000d6480000,0x00000000d6480000,0x00000000d6500000)
 ParOldGen       total 178176K, used 174823K [0x0000000080000000, 0x000000008ae00000, 0x00000000d5580000)
  object space 178176K, 98% used [0x0000000080000000,0x000000008aab9fc8,0x000000008ae00000)
 Metaspace       used 69689K, committed 71232K, reserved 1114112K
  class space    used 7398K, committed 8064K, reserved 1048576K
}
Event: 408.258 GC heap before
{Heap before GC invocations=71 (full 3):
 PSYoungGen      total 13824K, used 13664K [0x00000000d5580000, 0x00000000d6500000, 0x0000000100000000)
  eden space 13312K, 100% used [0x00000000d5580000,0x00000000d6280000,0x00000000d6280000)
  from space 512K, 68% used [0x00000000d6380000,0x00000000d63d8000,0x00000000d6400000)
  to   space 512K, 0% used [0x00000000d6480000,0x00000000d6480000,0x00000000d6500000)
 ParOldGen       total 178176K, used 174823K [0x0000000080000000, 0x000000008ae00000, 0x00000000d5580000)
  object space 178176K, 98% used [0x0000000080000000,0x000000008aab9fc8,0x000000008ae00000)
 Metaspace       used 70694K, committed 72256K, reserved 1114112K
  class space    used 7503K, committed 8128K, reserved 1048576K
}
Event: 408.265 GC heap after
{Heap after GC invocations=71 (full 3):
 PSYoungGen      total 13824K, used 496K [0x00000000d5580000, 0x00000000d6580000, 0x0000000100000000)
  eden space 13312K, 0% used [0x00000000d5580000,0x00000000d5580000,0x00000000d6280000)
  from space 512K, 96% used [0x00000000d6480000,0x00000000d64fc030,0x00000000d6500000)
  to   space 1536K, 0% used [0x00000000d6280000,0x00000000d6280000,0x00000000d6400000)
 ParOldGen       total 178176K, used 175299K [0x0000000080000000, 0x000000008ae00000, 0x00000000d5580000)
  object space 178176K, 98% used [0x0000000080000000,0x000000008ab30ca8,0x000000008ae00000)
 Metaspace       used 70694K, committed 72256K, reserved 1114112K
  class space    used 7503K, committed 8128K, reserved 1048576K
}
Event: 408.734 GC heap before
{Heap before GC invocations=72 (full 3):
 PSYoungGen      total 13824K, used 13808K [0x00000000d5580000, 0x00000000d6580000, 0x0000000100000000)
  eden space 13312K, 100% used [0x00000000d5580000,0x00000000d6280000,0x00000000d6280000)
  from space 512K, 96% used [0x00000000d6480000,0x00000000d64fc030,0x00000000d6500000)
  to   space 1536K, 0% used [0x00000000d6280000,0x00000000d6280000,0x00000000d6400000)
 ParOldGen       total 178176K, used 175299K [0x0000000080000000, 0x000000008ae00000, 0x00000000d5580000)
  object space 178176K, 98% used [0x0000000080000000,0x000000008ab30ca8,0x000000008ae00000)
 Metaspace       used 72446K, committed 73984K, reserved 1179648K
  class space    used 7676K, committed 8320K, reserved 1048576K
}
Event: 408.738 GC heap after
{Heap after GC invocations=72 (full 3):
 PSYoungGen      total 14848K, used 1508K [0x00000000d5580000, 0x00000000d6780000, 0x0000000100000000)
  eden space 13312K, 0% used [0x00000000d5580000,0x00000000d5580000,0x00000000d6280000)
  from space 1536K, 98% used [0x00000000d6280000,0x00000000d63f9298,0x00000000d6400000)
  to   space 2560K, 0% used [0x00000000d6500000,0x00000000d6500000,0x00000000d6780000)
 ParOldGen       total 178176K, used 175773K [0x0000000080000000, 0x000000008ae00000, 0x00000000d5580000)
  object space 178176K, 98% used [0x0000000080000000,0x000000008aba7750,0x000000008ae00000)
 Metaspace       used 72446K, committed 73984K, reserved 1179648K
  class space    used 7676K, committed 8320K, reserved 1048576K
}
Event: 409.008 GC heap before
{Heap before GC invocations=73 (full 3):
 PSYoungGen      total 14848K, used 14820K [0x00000000d5580000, 0x00000000d6780000, 0x0000000100000000)
  eden space 13312K, 100% used [0x00000000d5580000,0x00000000d6280000,0x00000000d6280000)
  from space 1536K, 98% used [0x00000000d6280000,0x00000000d63f9298,0x00000000d6400000)
  to   space 2560K, 0% used [0x00000000d6500000,0x00000000d6500000,0x00000000d6780000)
 ParOldGen       total 178176K, used 175773K [0x0000000080000000, 0x000000008ae00000, 0x00000000d5580000)
  object space 178176K, 98% used [0x0000000080000000,0x000000008aba7750,0x000000008ae00000)
 Metaspace       used 73463K, committed 75072K, reserved 1179648K
  class space    used 7765K, committed 8448K, reserved 1048576K
}
Event: 409.014 GC heap after
{Heap after GC invocations=73 (full 3):
 PSYoungGen      total 15872K, used 2293K [0x00000000d5580000, 0x00000000d6780000, 0x0000000100000000)
  eden space 13312K, 0% used [0x00000000d5580000,0x00000000d5580000,0x00000000d6280000)
  from space 2560K, 89% used [0x00000000d6500000,0x00000000d673d708,0x00000000d6780000)
  to   space 2560K, 0% used [0x00000000d6280000,0x00000000d6280000,0x00000000d6500000)
 ParOldGen       total 178176K, used 176933K [0x0000000080000000, 0x000000008ae00000, 0x00000000d5580000)
  object space 178176K, 99% used [0x0000000080000000,0x000000008acc9780,0x000000008ae00000)
 Metaspace       used 73463K, committed 75072K, reserved 1179648K
  class space    used 7765K, committed 8448K, reserved 1048576K
}
Event: 410.050 GC heap before
{Heap before GC invocations=74 (full 3):
 PSYoungGen      total 15872K, used 15605K [0x00000000d5580000, 0x00000000d6780000, 0x0000000100000000)
  eden space 13312K, 100% used [0x00000000d5580000,0x00000000d6280000,0x00000000d6280000)
  from space 2560K, 89% used [0x00000000d6500000,0x00000000d673d708,0x00000000d6780000)
  to   space 2560K, 0% used [0x00000000d6280000,0x00000000d6280000,0x00000000d6500000)
 ParOldGen       total 178176K, used 176933K [0x0000000080000000, 0x000000008ae00000, 0x00000000d5580000)
  object space 178176K, 99% used [0x0000000080000000,0x000000008acc9780,0x000000008ae00000)
 Metaspace       used 74082K, committed 75712K, reserved 1179648K
  class space    used 7798K, committed 8448K, reserved 1048576K
}
Event: 410.055 GC heap after
{Heap after GC invocations=74 (full 3):
 PSYoungGen      total 14848K, used 1056K [0x00000000d5580000, 0x00000000d6580000, 0x0000000100000000)
  eden space 13312K, 0% used [0x00000000d5580000,0x00000000d5580000,0x00000000d6280000)
  from space 1536K, 68% used [0x00000000d6280000,0x00000000d6388020,0x00000000d6400000)
  to   space 1536K, 0% used [0x00000000d6400000,0x00000000d6400000,0x00000000d6580000)
 ParOldGen       total 178688K, used 178183K [0x0000000080000000, 0x000000008ae80000, 0x00000000d5580000)
  object space 178688K, 99% used [0x0000000080000000,0x000000008ae01ef0,0x000000008ae80000)
 Metaspace       used 74082K, committed 75712K, reserved 1179648K
  class space    used 7798K, committed 8448K, reserved 1048576K
}
Event: 412.168 GC heap before
{Heap before GC invocations=75 (full 3):
 PSYoungGen      total 14848K, used 14356K [0x00000000d5580000, 0x00000000d6580000, 0x0000000100000000)
  eden space 13312K, 99% used [0x00000000d5580000,0x00000000d627d100,0x00000000d6280000)
  from space 1536K, 68% used [0x00000000d6280000,0x00000000d6388020,0x00000000d6400000)
  to   space 1536K, 0% used [0x00000000d6400000,0x00000000d6400000,0x00000000d6580000)
 ParOldGen       total 178688K, used 178183K [0x0000000080000000, 0x000000008ae80000, 0x00000000d5580000)
  object space 178688K, 99% used [0x0000000080000000,0x000000008ae01ef0,0x000000008ae80000)
 Metaspace       used 74482K, committed 76032K, reserved 1179648K
  class space    used 7804K, committed 8448K, reserved 1048576K
}
Event: 412.172 GC heap after
{Heap after GC invocations=75 (full 3):
 PSYoungGen      total 14848K, used 1056K [0x00000000d5580000, 0x00000000d6580000, 0x0000000100000000)
  eden space 13312K, 0% used [0x00000000d5580000,0x00000000d5580000,0x00000000d6280000)
  from space 1536K, 68% used [0x00000000d6400000,0x00000000d6508020,0x00000000d6580000)
  to   space 1536K, 0% used [0x00000000d6280000,0x00000000d6280000,0x00000000d6400000)
 ParOldGen       total 179200K, used 178977K [0x0000000080000000, 0x000000008af00000, 0x00000000d5580000)
  object space 179200K, 99% used [0x0000000080000000,0x000000008aec8560,0x000000008af00000)
 Metaspace       used 74482K, committed 76032K, reserved 1179648K
  class space    used 7804K, committed 8448K, reserved 1048576K
}
Event: 731.859 GC heap before
{Heap before GC invocations=76 (full 3):
 PSYoungGen      total 14848K, used 14368K [0x00000000d5580000, 0x00000000d6580000, 0x0000000100000000)
  eden space 13312K, 100% used [0x00000000d5580000,0x00000000d6280000,0x00000000d6280000)
  from space 1536K, 68% used [0x00000000d6400000,0x00000000d6508020,0x00000000d6580000)
  to   space 1536K, 0% used [0x00000000d6280000,0x00000000d6280000,0x00000000d6400000)
 ParOldGen       total 179200K, used 178977K [0x0000000080000000, 0x000000008af00000, 0x00000000d5580000)
  object space 179200K, 99% used [0x0000000080000000,0x000000008aec8560,0x000000008af00000)
 Metaspace       used 74993K, committed 76608K, reserved 1179648K
  class space    used 7861K, committed 8512K, reserved 1048576K
}
Event: 731.952 GC heap after
{Heap after GC invocations=76 (full 3):
 PSYoungGen      total 13824K, used 416K [0x00000000d5580000, 0x00000000d6480000, 0x0000000100000000)
  eden space 13312K, 0% used [0x00000000d5580000,0x00000000d5580000,0x00000000d6280000)
  from space 512K, 81% used [0x00000000d6280000,0x00000000d62e8000,0x00000000d6300000)
  to   space 1024K, 0% used [0x00000000d6380000,0x00000000d6380000,0x00000000d6480000)
 ParOldGen       total 180224K, used 179750K [0x0000000080000000, 0x000000008b000000, 0x00000000d5580000)
  object space 180224K, 99% used [0x0000000080000000,0x000000008af89a20,0x000000008b000000)
 Metaspace       used 74993K, committed 76608K, reserved 1179648K
  class space    used 7861K, committed 8512K, reserved 1048576K
}
Event: 742.628 GC heap before
{Heap before GC invocations=77 (full 3):
 PSYoungGen      total 13824K, used 13728K [0x00000000d5580000, 0x00000000d6480000, 0x0000000100000000)
  eden space 13312K, 100% used [0x00000000d5580000,0x00000000d6280000,0x00000000d6280000)
  from space 512K, 81% used [0x00000000d6280000,0x00000000d62e8000,0x00000000d6300000)
  to   space 1024K, 0% used [0x00000000d6380000,0x00000000d6380000,0x00000000d6480000)
 ParOldGen       total 180224K, used 179750K [0x0000000080000000, 0x000000008b000000, 0x00000000d5580000)
  object space 180224K, 99% used [0x0000000080000000,0x000000008af89a20,0x000000008b000000)
 Metaspace       used 75085K, committed 76672K, reserved 1179648K
  class space    used 7862K, committed 8512K, reserved 1048576K
}
Event: 742.632 GC heap after
{Heap after GC invocations=77 (full 3):
 PSYoungGen      total 13824K, used 320K [0x00000000d5580000, 0x00000000d6400000, 0x0000000100000000)
  eden space 13312K, 0% used [0x00000000d5580000,0x00000000d5580000,0x00000000d6280000)
  from space 512K, 62% used [0x00000000d6380000,0x00000000d63d0000,0x00000000d6400000)
  to   space 512K, 0% used [0x00000000d6280000,0x00000000d6280000,0x00000000d6300000)
 ParOldGen       total 180224K, used 179886K [0x0000000080000000, 0x000000008b000000, 0x00000000d5580000)
  object space 180224K, 99% used [0x0000000080000000,0x000000008afaba20,0x000000008b000000)
 Metaspace       used 75085K, committed 76672K, reserved 1179648K
  class space    used 7862K, committed 8512K, reserved 1048576K
}

